[LOG] System::create                           : Header version = 2.02.26. Current version = 2.02.26.
[LOG] Manager::init                            : maxchannels = 256 studioflags = 00000006 flags 00000000 extradriverdata 0x0.
[LOG] SystemI::init                            : Initialize version=20226 (148250), maxchannels=256, flags=0x00020000
[LOG] SystemI::setOutputInternal               : Setting output to 'FMOD Core Audio Output'
[LOG] OutputCoreAudio::init                    : Output running 2 channels at 48000Hz sample rate.
[LOG] OutputCoreAudio::init                    : Maximum hardware read size: 512 samples, Software buffer size: 512 samples, Number of software buffers: 4.
[LOG] Thread::initThread                       : Init FMOD stream thread. Affinity: 0x4000000000000003, Priority: 0xFFFF7FFB, Stack Size: 98304, Semaphore: No, Sleep Time: 10, Looping: Yes.
[LOG] Thread::initThread                       : Init FMOD mixer thread. Affinity: 0x4000000000000001, Priority: 0xFFFF7FFA, Stack Size: 81920, Semaphore: Yes, Sleep Time: 0, Looping: Yes.
[LOG] AsyncManager::init                       : manager 0x330380e08 isAsync 0 updatePeriod 0.02
[LOG] AsyncManager::init                       : done
[LOG] PlaybackSystem::init                     : 
[LOG] Thread::initThread                       : Init FMOD Studio sample load thread. Affinity: 0x4000000000000003, Priority: 0xFFFF7FFD, Stack Size: 98304, Semaphore: No, Sleep Time: 1, Looping: No.
[LOG] PlaybackSystem::init                     : done
[LOG] Thread::initThread                       : Init FMOD Studio bank load thread. Affinity: 0x4000000000000003, Priority: 0xFFFF7FFD, Stack Size: 98304, Semaphore: No, Sleep Time: 1, Looping: No.
[LOG] Manager::init                            : done.
[LOG] Manager::readBank                        : fileversion = 142, compatVersion = 140 (oldest = 44, newest = 142)
[LOG] Manager::readBank                        : fileversion = 142, compatVersion = 140 (oldest = 44, newest = 142)
[LOG] PlaybackSystem::acquireMasterBus         : Setting master channel group format to 6
[LOG] SoundI::release                          :  (0x117f292a8)
[LOG] SoundI::release                          :     sfx_bubble_cute01 (0x117f5f3e8)
[LOG] SoundI::release                          :  (0x117fc2c18)
[LOG] SoundI::release                          :     sfx_bubble_cute02 (0x117f1efa8)
[LOG] SoundI::release                          :  (0x117f5cea8)
[LOG] SoundI::release                          :     sfx_bubble_cute03 (0x117fd56b8)
[LOG] SoundI::release                          :  (0x117fc3468)
[LOG] SoundI::release                          :     sfx_bubble_cute04 (0x117f43198)
[LOG] SoundI::release                          :  (0x117fd0568)
[LOG] SoundI::release                          :     sfx_bubble_cute05 (0x117f51168)
[LOG] SoundI::release                          :  (0x117f5a168)
[LOG] SoundI::release                          :     sfx_bubble_cute06 (0x117f50ef8)
[LOG] SoundI::release                          :  (0x117f8e718)
[LOG] SoundI::release                          :     sfx_bubble_cute07 (0x117fb1398)
[LOG] SoundI::release                          :  (0x117f37c98)
[LOG] SoundI::release                          :     sfx_bubble_cute08 (0x117f0cdc8)
[LOG] SoundI::release                          :  (0x117f46bb8)
[LOG] SoundI::release                          :     sfx_bubble_cute09 (0x117f5b488)
[LOG] SoundI::release                          :  (0x117fc9da8)
[LOG] SoundI::release                          :     sfx_bubble_cute10 (0x117faf798)
[LOG] SoundI::release                          :  (0x117febd38)
[LOG] SoundI::release                          :     sfx_bubble_cute11 (0x117fac3c8)
[LOG] SoundI::release                          :  (0x117f3dec8)
[LOG] SoundI::release                          :     sfx_AMB_BobaTeatShort01 (0x117f155b8)
[LOG] SoundI::release                          :  (0x117fb7f58)
[LOG] SoundI::release                          :     sfx_AMB_BobaTeatShort02 (0x117fd48c8)
[LOG] SoundI::release                          :  (0x117fbfbb8)
[LOG] SoundI::release                          :     sfx_AMB_BobaTeatShort03 (0x3cdb31f08)
[LOG] SoundI::release                          :  (0x117f78898)
[LOG] SoundI::release                          :     sfx_AMB_BobaTeatShort04 (0x117f2a0c8)
[LOG] SoundI::release                          :  (0x117f29b88)
[LOG] SoundI::release                          :     sfx_AMB_BobaTeatShort05 (0x117fc95e8)
[LOG] SoundI::release                          :  (0x117f05fc8)
[LOG] SoundI::release                          :     sfx_AMB_BobaTeatShort06 (0x117f442a8)
[LOG] SoundI::release                          : GameJam_BubbleTea_Piano (0x117d2af68)
[LOG] SoundI::release                          :     GameJam_BubbleTea_Piano (0x117dd4078)
[LOG] SoundI::release                          :     GameJam_BubbleTea_Piano (0x117de2e68)
[LOG] SoundI::release                          : GameJam_BubbleTea (0x117d0a5f8)
[LOG] SoundI::release                          :     GameJam_BubbleTea (0x117dd9e58)
[LOG] SoundI::release                          :     GameJam_BubbleTea (0x117dcebb8)
[LOG] SoundI::release                          : sfx_AMB_AmbientCUP_2 (0x117fbbca8)
[LOG] SoundI::release                          :     sfx_AMB_AmbientCUP_2 (0x3cacf4918)
[LOG] SoundI::release                          :     sfx_AMB_AmbientCUP_2 (0x127a0df58)
[LOG] SoundI::release                          : sfx_AMB_bubbleteaAmbience (0x1278bba38)
[LOG] SoundI::release                          :     sfx_AMB_bubbleteaAmbience (0x402fc1828)
[LOG] SoundI::release                          :     sfx_AMB_bubbleteaAmbience (0x127a64f68)
[LOG] SoundI::release                          : sfx_AMB_BobaTeatLong03 (0x127854a98)
[LOG] SoundI::release                          :     sfx_AMB_BobaTeatLong03 (0x3cace2be8)
[LOG] SoundI::release                          :     sfx_AMB_BobaTeatLong03 (0x127a2cfb8)
[LOG] SoundI::release                          :  (0x117fa69a8)
[LOG] SoundI::release                          :     sfx_AMB_BobaTeatLong01 (0x117f3b938)
[LOG] SoundI::release                          :  (0x117f62f18)
[LOG] SoundI::release                          :     sfx_AMB_BobaTeatLong02 (0x117fe6788)
[LOG] Thread::callback                         : FMOD Studio update thread finished.
[LOG] Thread::callback                         : FMOD Studio bank load thread finished.
[LOG] Profile::disconnectAll                   : Profiler disconnecting all clients
[LOG] Thread::callback                         : FMOD Studio sample load thread finished.
[LOG] LiveUpdate::release                      : 
[LOG] LiveUpdate::reset                        : Reset connection (reason Disconnected)
[LOG] Thread::callback                         : FMOD stream thread finished.
[LOG] Thread::callback                         : FMOD mixer thread finished.
[LOG] Profile::disconnectAll                   : Profiler disconnecting all clients
[LOG] SystemI::close                           : Closed.
[LOG] Thread::callback                         : FMOD mixer thread finished.
[LOG] OutputCoreAudio::init                    : Output running 2 channels at 96000Hz sample rate.
[LOG] OutputCoreAudio::init                    : Maximum hardware read size: 512 samples, Software buffer size: 512 samples, Number of software buffers: 4.
[LOG] SystemI::startDriver                     : Output requires a sample rate of 96000Hz, resampling will occur.
[LOG] Thread::initThread                       : Init FMOD mixer thread. Affinity: 0x4000000000000001, Priority: 0xFFFF7FFA, Stack Size: 81920, Semaphore: Yes, Sleep Time: 0, Looping: Yes.
